#
# There is insufficient memory for the Java Runtime Environment to continue.
# Native memory allocation (malloc) failed to allocate 244624 bytes for Chunk::new
# Possible reasons:
#   The system is out of physical RAM or swap space
#   In 32 bit mode, the process size limit was hit
# Possible solutions:
#   Reduce memory load on the system
#   Increase physical memory or swap space
#   Check if swap backing store is full
#   Use 64 bit Java on a 64 bit OS
#   Decrease Java heap size (-Xmx/-Xms)
#   Decrease number of Java threads
#   Decrease Java thread stack sizes (-Xss)
#   Set larger code cache with -XX:ReservedCodeCacheSize=
# This output file may be truncated or incomplete.
#
#  Out of Memory Error (allocation.cpp:390), pid=4536, tid=0x0000000000001608
#
# JRE version: Java(TM) SE Runtime Environment (8.0_101-b13) (build 1.8.0_101-b13)
# Java VM: Java HotSpot(TM) 64-Bit Server VM (25.101-b13 mixed mode windows-amd64 compressed oops)
# Failed to write core dump. Minidumps are not enabled by default on client versions of Windows
#

---------------  T H R E A D  ---------------

Current thread (0x000000001470d800):  JavaThread "C2 CompilerThread0" daemon [_thread_in_native, id=5640, stack(0x0000000015d40000,0x0000000015e40000)]

Stack: [0x0000000015d40000,0x0000000015e40000]
[error occurred during error reporting (printing stack bounds), id 0xc0000005]

Native frames: (J=compiled Java code, j=interpreted, Vv=VM code, C=native code)


Current CompileTask:
C2:  39023 2390       4       com.android.dx.dex.code.LocalList::make (102 bytes)


---------------  P R O C E S S  ---------------

Java Threads: ( => current thread )
  0x000000001474e000 JavaThread "Service Thread" daemon [_thread_blocked, id=4952, stack(0x0000000016040000,0x0000000016140000)]
  0x0000000014715000 JavaThread "C1 CompilerThread2" daemon [_thread_blocked, id=5228, stack(0x0000000015f40000,0x0000000016040000)]
  0x0000000014711000 JavaThread "C2 CompilerThread1" daemon [_thread_in_native, id=5544, stack(0x0000000015e40000,0x0000000015f40000)]
=>0x000000001470d800 JavaThread "C2 CompilerThread0" daemon [_thread_in_native, id=5640, stack(0x0000000015d40000,0x0000000015e40000)]
  0x000000001470a000 JavaThread "Attach Listener" daemon [_thread_blocked, id=5768, stack(0x0000000015c40000,0x0000000015d40000)]
  0x0000000014709000 JavaThread "Signal Dispatcher" daemon [_thread_blocked, id=6488, stack(0x0000000015b40000,0x0000000015c40000)]
  0x00000000146fa000 JavaThread "Finalizer" daemon [_thread_blocked, id=436, stack(0x0000000015960000,0x0000000015a60000)]
  0x000000000202f000 JavaThread "Reference Handler" daemon [_thread_blocked, id=1580, stack(0x0000000015860000,0x0000000015960000)]
  0x0000000001f40800 JavaThread "main" [_thread_in_native, id=6596, stack(0x0000000001e40000,0x0000000001f40000)]

Other Threads:
  0x00000000146d7800 VMThread [stack: 0x0000000015760000,0x0000000015860000] [id=4056]
  0x0000000016169800 WatcherThread [stack: 0x0000000016540000,0x0000000016640000] [id=4176]

VM state:not at safepoint (normal execution)

VM Mutex/Monitor currently owned by a thread: None

Heap:
 PSYoungGen      total 131072K, used 24576K [0x00000000eab00000, 0x00000000fbb00000, 0x0000000100000000)
  eden space 117248K, 14% used [0x00000000eab00000,0x00000000ebc12ec8,0x00000000f1d80000)
  from space 13824K, 51% used [0x00000000f1d80000,0x00000000f246d280,0x00000000f2b00000)
  to   space 22016K, 0% used [0x00000000fa580000,0x00000000fa580000,0x00000000fbb00000)
 ParOldGen       total 72192K, used 38090K [0x00000000c0000000, 0x00000000c4680000, 0x00000000eab00000)
  object space 72192K, 52% used [0x00000000c0000000,0x00000000c2532968,0x00000000c4680000)
 Metaspace       used 7065K, capacity 7640K, committed 7936K, reserved 1056768K
  class space    used 661K, capacity 720K, committed 768K, reserved 1048576K

Card table byte_map: [0x0000000011400000,0x0000000011610000] byte_map_base: 0x0000000010e00000

Marking Bits: (ParMarkBitMap*) 0x000000005c06a6d0
 Begin Bits: [0x0000000011b70000, 0x0000000012b70000)
 End Bits:   [0x0000000012b70000, 0x0000000013b70000)

Polling page: 0x0000000001d50000

CodeCache: size=245760Kb used=9005Kb max_used=11039Kb free=236754Kb
 bounds [0x0000000002040000, 0x0000000002b10000, 0x0000000011040000]
 total_blobs=2446 nmethods=2168 adapters=186
 compilation: enabled

Compilation events (10 events):
Event: 36.173 Thread 0x0000000014715000 2419       3       com.android.dx.util.ByteArrayAnnotatedOutput::ensureCapacity (39 bytes)
Event: 36.173 Thread 0x0000000014715000 nmethod 2419 0x0000000002a8d590 code [0x0000000002a8d700, 0x0000000002a8da08]
Event: 36.176 Thread 0x0000000014715000 2421       3       com.android.dx.dex.code.StdCatchBuilder::rangeIsValid (62 bytes)
Event: 36.177 Thread 0x0000000014715000 nmethod 2421 0x0000000002a97d90 code [0x0000000002a97f80, 0x0000000002a989f8]
Event: 36.177 Thread 0x0000000014715000 2422       1       java.util.TreeMap$Entry::getKey (5 bytes)
Event: 36.177 Thread 0x0000000014715000 nmethod 2422 0x0000000002a84bd0 code [0x0000000002a84d20, 0x0000000002a84e30]
Event: 36.183 Thread 0x0000000014715000 2423       3       com.android.dx.dex.code.form.Form31c::isCompatible (133 bytes)
Event: 36.184 Thread 0x0000000014715000 nmethod 2423 0x0000000002a98f90 code [0x0000000002a991c0, 0x0000000002a9a5e8]
Event: 36.187 Thread 0x0000000014715000 2425       3       com.android.dx.util.ByteArrayAnnotatedOutput::writeByte (51 bytes)
Event: 36.188 Thread 0x0000000014715000 nmethod 2425 0x0000000002a9aa10 code [0x0000000002a9aba0, 0x0000000002a9af38]

GC Heap History (10 events):
Event: 24.933 GC heap before
{Heap before GC invocations=4 (full 0):
 PSYoungGen      total 31744K, used 31741K [0x00000000eab00000, 0x00000000ee900000, 0x0000000100000000)
  eden space 29696K, 100% used [0x00000000eab00000,0x00000000ec800000,0x00000000ec800000)
  from space 2048K, 99% used [0x00000000ec800000,0x00000000ec9ff538,0x00000000eca00000)
  to   space 2048K, 0% used [0x00000000ee700000,0x00000000ee700000,0x00000000ee900000)
 ParOldGen       total 38400K, used 8582K [0x00000000c0000000, 0x00000000c2580000, 0x00000000eab00000)
  object space 38400K, 22% used [0x00000000c0000000,0x00000000c08618f8,0x00000000c2580000)
 Metaspace       used 6220K, capacity 7090K, committed 7296K, reserved 1056768K
  class space    used 605K, capacity 618K, committed 640K, reserved 1048576K
Event: 24.994 GC heap after
Heap after GC invocations=4 (full 0):
 PSYoungGen      total 61440K, used 2022K [0x00000000eab00000, 0x00000000ee900000, 0x0000000100000000)
  eden space 59392K, 0% used [0x00000000eab00000,0x00000000eab00000,0x00000000ee500000)
  from space 2048K, 98% used [0x00000000ee700000,0x00000000ee8f9b88,0x00000000ee900000)
  to   space 2048K, 0% used [0x00000000ee500000,0x00000000ee500000,0x00000000ee700000)
 ParOldGen       total 38400K, used 13164K [0x00000000c0000000, 0x00000000c2580000, 0x00000000eab00000)
  object space 38400K, 34% used [0x00000000c0000000,0x00000000c0cdb258,0x00000000c2580000)
 Metaspace       used 6220K, capacity 7090K, committed 7296K, reserved 1056768K
  class space    used 605K, capacity 618K, committed 640K, reserved 1048576K
}
Event: 29.064 GC heap before
{Heap before GC invocations=5 (full 0):
 PSYoungGen      total 61440K, used 61414K [0x00000000eab00000, 0x00000000ee900000, 0x0000000100000000)
  eden space 59392K, 100% used [0x00000000eab00000,0x00000000ee500000,0x00000000ee500000)
  from space 2048K, 98% used [0x00000000ee700000,0x00000000ee8f9b88,0x00000000ee900000)
  to   space 2048K, 0% used [0x00000000ee500000,0x00000000ee500000,0x00000000ee700000)
 ParOldGen       total 38400K, used 13164K [0x00000000c0000000, 0x00000000c2580000, 0x00000000eab00000)
  object space 38400K, 34% used [0x00000000c0000000,0x00000000c0cdb258,0x00000000c2580000)
 Metaspace       used 6387K, capacity 7192K, committed 7424K, reserved 1056768K
  class space    used 626K, capacity 656K, committed 768K, reserved 1048576K
Event: 29.123 GC heap after
Heap after GC invocations=5 (full 0):
 PSYoungGen      total 61440K, used 2026K [0x00000000eab00000, 0x00000000f3700000, 0x0000000100000000)
  eden space 59392K, 0% used [0x00000000eab00000,0x00000000eab00000,0x00000000ee500000)
  from space 2048K, 98% used [0x00000000ee500000,0x00000000ee6fa858,0x00000000ee700000)
  to   space 12288K, 0% used [0x00000000f2b00000,0x00000000f2b00000,0x00000000f3700000)
 ParOldGen       total 38400K, used 22600K [0x00000000c0000000, 0x00000000c2580000, 0x00000000eab00000)
  object space 38400K, 58% used [0x00000000c0000000,0x00000000c16123c0,0x00000000c2580000)
 Metaspace       used 6387K, capacity 7192K, committed 7424K, reserved 1056768K
  class space    used 626K, capacity 656K, committed 768K, reserved 1048576K
}
Event: 29.368 GC heap before
{Heap before GC invocations=6 (full 0):
 PSYoungGen      total 61440K, used 61418K [0x00000000eab00000, 0x00000000f3700000, 0x0000000100000000)
  eden space 59392K, 100% used [0x00000000eab00000,0x00000000ee500000,0x00000000ee500000)
  from space 2048K, 98% used [0x00000000ee500000,0x00000000ee6fa858,0x00000000ee700000)
  to   space 12288K, 0% used [0x00000000f2b00000,0x00000000f2b00000,0x00000000f3700000)
 ParOldGen       total 38400K, used 22600K [0x00000000c0000000, 0x00000000c2580000, 0x00000000eab00000)
  object space 38400K, 58% used [0x00000000c0000000,0x00000000c16123c0,0x00000000c2580000)
 Metaspace       used 6404K, capacity 7192K, committed 7424K, reserved 1056768K
  class space    used 626K, capacity 656K, committed 768K, reserved 1048576K
Event: 29.422 GC heap after
Heap after GC invocations=6 (full 0):
 PSYoungGen      total 129536K, used 10830K [0x00000000eab00000, 0x00000000f3a00000, 0x0000000100000000)
  eden space 117248K, 0% used [0x00000000eab00000,0x00000000eab00000,0x00000000f1d80000)
  from space 12288K, 88% used [0x00000000f2b00000,0x00000000f3593818,0x00000000f3700000)
  to   space 13824K, 0% used [0x00000000f1d80000,0x00000000f1d80000,0x00000000f2b00000)
 ParOldGen       total 38400K, used 22600K [0x00000000c0000000, 0x00000000c2580000, 0x00000000eab00000)
  object space 38400K, 58% used [0x00000000c0000000,0x00000000c16123c0,0x00000000c2580000)
 Metaspace       used 6404K, capacity 7192K, committed 7424K, reserved 1056768K
  class space    used 626K, capacity 656K, committed 768K, reserved 1048576K
}
Event: 30.820 GC heap before
{Heap before GC invocations=7 (full 0):
 PSYoungGen      total 129536K, used 128078K [0x00000000eab00000, 0x00000000f3a00000, 0x0000000100000000)
  eden space 117248K, 100% used [0x00000000eab00000,0x00000000f1d80000,0x00000000f1d80000)
  from space 12288K, 88% used [0x00000000f2b00000,0x00000000f3593818,0x00000000f3700000)
  to   space 13824K, 0% used [0x00000000f1d80000,0x00000000f1d80000,0x00000000f2b00000)
 ParOldGen       total 38400K, used 22600K [0x00000000c0000000, 0x00000000c2580000, 0x00000000eab00000)
  object space 38400K, 58% used [0x00000000c0000000,0x00000000c16123c0,0x00000000c2580000)
 Metaspace       used 6597K, capacity 7256K, committed 7424K, reserved 1056768K
  class space    used 632K, capacity 656K, committed 768K, reserved 1048576K
Event: 31.497 GC heap after
Heap after GC invocations=7 (full 0):
 PSYoungGen      total 131072K, used 13796K [0x00000000eab00000, 0x00000000fbb00000, 0x0000000100000000)
  eden space 117248K, 0% used [0x00000000eab00000,0x00000000eab00000,0x00000000f1d80000)
  from space 13824K, 99% used [0x00000000f1d80000,0x00000000f2af92f0,0x00000000f2b00000)
  to   space 22016K, 0% used [0x00000000fa580000,0x00000000fa580000,0x00000000fbb00000)
 ParOldGen       total 38400K, used 34747K [0x00000000c0000000, 0x00000000c2580000, 0x00000000eab00000)
  object space 38400K, 90% used [0x00000000c0000000,0x00000000c21eefc8,0x00000000c2580000)
 Metaspace       used 6597K, capacity 7256K, committed 7424K, reserved 1056768K
  class space    used 632K, capacity 656K, committed 768K, reserved 1048576K
}
Event: 31.497 GC heap before
{Heap before GC invocations=8 (full 1):
 PSYoungGen      total 131072K, used 13796K [0x00000000eab00000, 0x00000000fbb00000, 0x0000000100000000)
  eden space 117248K, 0% used [0x00000000eab00000,0x00000000eab00000,0x00000000f1d80000)
  from space 13824K, 99% used [0x00000000f1d80000,0x00000000f2af92f0,0x00000000f2b00000)
  to   space 22016K, 0% used [0x00000000fa580000,0x00000000fa580000,0x00000000fbb00000)
 ParOldGen       total 38400K, used 34747K [0x00000000c0000000, 0x00000000c2580000, 0x00000000eab00000)
  object space 38400K, 90% used [0x00000000c0000000,0x00000000c21eefc8,0x00000000c2580000)
 Metaspace       used 6597K, capacity 7256K, committed 7424K, reserved 1056768K
  class space    used 632K, capacity 656K, committed 768K, reserved 1048576K
Event: 33.563 GC heap after
Heap after GC invocations=8 (full 1):
 PSYoungGen      total 131072K, used 7092K [0x00000000eab00000, 0x00000000fbb00000, 0x0000000100000000)
  eden space 117248K, 0% used [0x00000000eab00000,0x00000000eab00000,0x00000000f1d80000)
  from space 13824K, 51% used [0x00000000f1d80000,0x00000000f246d280,0x00000000f2b00000)
  to   space 22016K, 0% used [0x00000000fa580000,0x00000000fa580000,0x00000000fbb00000)
 ParOldGen       total 72192K, used 38090K [0x00000000c0000000, 0x00000000c4680000, 0x00000000eab00000)
  object space 72192K, 52% used [0x00000000c0000000,0x00000000c2532968,0x00000000c4680000)
 Metaspace       used 6597K, capacity 7256K, committed 7424K, reserved 1056768K
  class space    used 632K, capacity 656K, committed 768K, reserved 1048576K
}

Deoptimization events (10 events):
Event: 30.618 Thread 0x0000000001f40800 Uncommon trap: reason=class_check action=maybe_recompile pc=0x00000000025143c4 method=java.util.Arrays.hashCode([Ljava/lang/Object;)I @ 43
Event: 30.618 Thread 0x0000000001f40800 Uncommon trap: reason=class_check action=maybe_recompile pc=0x00000000024ff428 method=java.util.Arrays.hashCode([Ljava/lang/Object;)I @ 43
Event: 30.649 Thread 0x0000000001f40800 Uncommon trap: reason=bimorphic action=maybe_recompile pc=0x00000000025469ac method=java.util.HashMap.putVal(ILjava/lang/Object;Ljava/lang/Object;ZZ)Ljava/lang/Object; @ 203
Event: 34.777 Thread 0x0000000001f40800 Uncommon trap: reason=speculate_class_check action=maybe_recompile pc=0x00000000023f1dec method=com.android.dx.util.FixedSizeList.equals(Ljava/lang/Object;)Z @ 25
Event: 34.778 Thread 0x0000000001f40800 Uncommon trap: reason=unstable_if action=reinterpret pc=0x00000000023ce51c method=java.util.Arrays.equals([Ljava/lang/Object;[Ljava/lang/Object;)Z @ 23
Event: 34.998 Thread 0x0000000001f40800 Uncommon trap: reason=speculate_class_check action=maybe_recompile pc=0x00000000023f1dec method=com.android.dx.util.FixedSizeList.equals(Ljava/lang/Object;)Z @ 25
Event: 34.998 Thread 0x0000000001f40800 Uncommon trap: reason=speculate_class_check action=maybe_recompile pc=0x00000000023f1dec method=com.android.dx.util.FixedSizeList.equals(Ljava/lang/Object;)Z @ 25
Event: 34.998 Thread 0x0000000001f40800 Uncommon trap: reason=speculate_class_check action=maybe_recompile pc=0x00000000023f1dec method=com.android.dx.util.FixedSizeList.equals(Ljava/lang/Object;)Z @ 25
Event: 35.174 Thread 0x0000000001f40800 Uncommon trap: reason=unstable_if action=reinterpret pc=0x0000000002a1e324 method=com.android.dx.rop.code.RegisterSpec.matchesVariable(Lcom/android/dx/rop/code/RegisterSpec;)Z @ 59
Event: 35.391 Thread 0x0000000001f40800 Uncommon trap: reason=unstable_if action=reinterpret pc=0x000000000294dfb8 method=java.util.TreeMap.put(Ljava/lang/Object;Ljava/lang/Object;)Ljava/lang/Object; @ 163

Internal exceptions (6 events):
Event: 0.362 Thread 0x0000000001f40800 Exception <a 'java/lang/NoSuchMethodError': Method sun.misc.Unsafe.defineClass(Ljava/lang/String;[BII)Ljava/lang/Class; name or signature does not match> (0x00000000eab07cc0) thrown at [C:\re\workspace\8-2-build-windows-amd64-cygwin\jdk8u101\7261\hotspot\sT½*wî2×?
Event: 0.362 Thread 0x0000000001f40800 Exception <a 'java/lang/NoSuchMethodError': Method sun.misc.Unsafe.prefetchRead(Ljava/lang/Object;J)V name or signature does not match> (0x00000000eab07fa8) thrown at [C:\re\workspace\8-2-build-windows-amd64-cygwin\jdk8u101\7261\hotspot\src\share\vm\prims\ŽÏžr»ï2@
Event: 18.936 Thread 0x0000000016403000 Implicit null exception at 0x00000000023577e2 to 0x00000000023578d2
Event: 26.591 Thread 0x0000000001f40800 Exception <a 'java/lang/ArrayIndexOutOfBoundsException': 18> (0x00000000eb7abac0) thrown at [C:\re\workspace\8-2-build-windows-amd64-cygwin\jdk8u101\7261\hotspot\src\share\vm\interpreter\interpreterRuntime.cpp, line 366]
Event: 26.597 Thread 0x0000000001f40800 Exception <a 'java/lang/ArrayIndexOutOfBoundsException': 145> (0x00000000eb7ad640) thrown at [C:\re\workspace\8-2-build-windows-amd64-cygwin\jdk8u101\7261\hotspot\src\share\vm\interpreter\interpreterRuntime.cpp, line 366]
Event: 27.292 Thread 0x0000000001f40800 Exception <a 'java/lang/ArrayIndexOutOfBoundsException'> (0x00000000eb7ae928) thrown at [C:\re\workspace\8-2-build-windows-amd64-cygwin\jdk8u101\7261\hotspot\src\share\vm\runtime\sharedRuntime.cpp, line 605]

Events (10 events):
Event: 36.069 Thread 0x0000000001f40800 DEOPT PACKING pc=0x0000000002a01409 sp=0x0000000001f3eb50
Event: 36.069 Thread 0x0000000001f40800 DEOPT UNPACKING pc=0x000000000208747f sp=0x0000000001f3e8a0 mode 0
Event: 36.154 Thread 0x0000000001f40800 DEOPT PACKING pc=0x0000000002a01409 sp=0x0000000001f3eb50
Event: 36.154 Thread 0x0000000001f40800 DEOPT UNPACKING pc=0x000000000208747f sp=0x0000000001f3e8a0 mode 0
Event: 36.176 Thread 0x0000000001f40800 DEOPT PACKING pc=0x0000000002a01409 sp=0x0000000001f3e9d0
Event: 36.176 Thread 0x0000000001f40800 DEOPT UNPACKING pc=0x000000000208747f sp=0x0000000001f3e720 mode 0
Event: 36.181 Thread 0x0000000001f40800 DEOPT PACKING pc=0x0000000002a01409 sp=0x0000000001f3eb50
Event: 36.181 Thread 0x0000000001f40800 DEOPT UNPACKING pc=0x000000000208747f sp=0x0000000001f3e8a0 mode 0
Event: 36.188 Thread 0x0000000001f40800 DEOPT PACKING pc=0x0000000002a01409 sp=0x0000000001f3e9d0
Event: 36.188 Thread 0x0000000001f40800 DEOPT UNPACKING pc=0x000000000208747f sp=0x0000000001f3e720 mode 0


Dynamic libraries:
0x00007ff7e0a90000 - 0x00007ff7e0ac7000 	C:\Program Files\Java\jdk1.8.0_101\bin\java.exe
0x00007ff9f5640000 - 0x00007ff9f57ed000 	C:\Windows\SYSTEM32\ntdll.dll
0x00007ff9f2cd0000 - 0x00007ff9f2e0e000 	C:\Windows\system32\KERNEL32.DLL
0x00007ff9f2ad0000 - 0x00007ff9f2be5000 	C:\Windows\system32\KERNELBASE.dll
0x00007ff9f1320000 - 0x00007ff9f13ae000 	C:\Windows\system32\apphelp.dll
0x00007ff9e57c0000 - 0x00007ff9e5813000 	C:\Windows\AppPatch\AppPatch64\AcGenral.DLL
0x00007ff9f51f0000 - 0x00007ff9f529a000 	C:\Windows\system32\msvcrt.dll
0x00007ff9f2ca0000 - 0x00007ff9f2cce000 	C:\Windows\system32\SspiCli.dll
0x00007ff9f5150000 - 0x00007ff9f51a4000 	C:\Windows\system32\SHLWAPI.dll
0x00007ff9f4f50000 - 0x00007ff9f50c7000 	C:\Windows\system32\USER32.dll
0x00007ff9f4a80000 - 0x00007ff9f4c14000 	C:\Windows\system32\ole32.dll
0x00007ff9f3550000 - 0x00007ff9f4a7a000 	C:\Windows\system32\SHELL32.dll
0x00007ff9f1da0000 - 0x00007ff9f1dc1000 	C:\Windows\SYSTEM32\USERENV.dll
0x00007ff9f4cf0000 - 0x00007ff9f4d9a000 	C:\Windows\system32\ADVAPI32.dll
0x00007ff9eac80000 - 0x00007ff9eac9e000 	C:\Windows\SYSTEM32\MPR.dll
0x00007ff9f31c0000 - 0x00007ff9f3300000 	C:\Windows\system32\RPCRT4.dll
0x00007ff9f3300000 - 0x00007ff9f3359000 	C:\Windows\SYSTEM32\sechost.dll
0x00007ff9f5420000 - 0x00007ff9f5631000 	C:\Windows\SYSTEM32\combase.dll
0x00007ff9f3380000 - 0x00007ff9f34d0000 	C:\Windows\system32\GDI32.dll
0x00007ff9f2770000 - 0x00007ff9f2785000 	C:\Windows\SYSTEM32\profapi.dll
0x00007ff9f0ba0000 - 0x00007ff9f0c52000 	C:\Windows\SYSTEM32\SHCORE.dll
0x00007ff9f51b0000 - 0x00007ff9f51e6000 	C:\Windows\system32\IMM32.DLL
0x00007ff9f2e10000 - 0x00007ff9f2f62000 	C:\Windows\system32\MSCTF.dll
0x00007ff9f06c0000 - 0x00007ff9f093b000 	C:\Windows\WinSxS\amd64_microsoft.windows.common-controls_6595b64144ccf1df_6.0.9600.18006_none_623f33d3ecbe86e8\COMCTL32.dll
0x000000005b380000 - 0x000000005b452000 	C:\Program Files\Java\jdk1.8.0_101\jre\bin\msvcr100.dll
0x000000005b850000 - 0x000000005c0ea000 	C:\Program Files\Java\jdk1.8.0_101\jre\bin\server\jvm.dll
0x00007ff9f10b0000 - 0x00007ff9f10b9000 	C:\Windows\SYSTEM32\WSOCK32.dll
0x00007ff9f0970000 - 0x00007ff9f0992000 	C:\Windows\SYSTEM32\WINMM.dll
0x00007ff9efa60000 - 0x00007ff9efa6a000 	C:\Windows\SYSTEM32\VERSION.dll
0x00007ff9f50d0000 - 0x00007ff9f50d7000 	C:\Windows\system32\PSAPI.DLL
0x00007ff9f50f0000 - 0x00007ff9f514a000 	C:\Windows\system32\WS2_32.dll
0x00007ff9f0540000 - 0x00007ff9f056a000 	C:\Windows\SYSTEM32\WINMMBASE.dll
0x00007ff9f50e0000 - 0x00007ff9f50e9000 	C:\Windows\system32\NSI.dll
0x00007ff9f2a20000 - 0x00007ff9f2a6f000 	C:\Windows\SYSTEM32\cfgmgr32.dll
0x00007ff9f15c0000 - 0x00007ff9f15e8000 	C:\Windows\SYSTEM32\DEVOBJ.dll
0x000000005b840000 - 0x000000005b84f000 	C:\Program Files\Java\jdk1.8.0_101\jre\bin\verify.dll
0x000000005b810000 - 0x000000005b839000 	C:\Program Files\Java\jdk1.8.0_101\jre\bin\java.dll
0x000000005b7f0000 - 0x000000005b806000 	C:\Program Files\Java\jdk1.8.0_101\jre\bin\zip.dll

VM Arguments:
jvm_args: -Djava.awt.headless=true -Xmx1024M -Dfile.encoding=windows-1252 -Duser.country=GB -Duser.language=en -Duser.variant 
java_command: com.android.dx.command.Main --dex --force-jumbo --num-threads=4 --output E:\haloapp\Pemesanan_Tiket\app\build\intermediates\pre-dexed\debug\com.android.support-appcompat-v7-23.3.0_cd94e141ed94cb0222e813db85e47a03d56d0b75.jar E:\haloapp\Pemesanan_Tiket\app\build\intermediates\exploded-aar\com.android.support\appcompat-v7\23.3.0\jars\classes.jar
java_class_path (initial): E:\android2\sdk\build-tools\23.0.3\lib\dx.jar
Launcher Type: SUN_STANDARD

Environment Variables:
PATH=C:\Program Files\Java\jdk1.7.0_05\bin
USERNAME=LENOVO Z40-75
OS=Windows_NT
PROCESSOR_IDENTIFIER=AMD64 Family 21 Model 48 Stepping 1, AuthenticAMD



---------------  S Y S T E M  ---------------

OS: Windows 8.1 , 64 bit Build 9600 (6.3.9600.17415)

CPU:total 4 (4 cores per cpu, 1 threads per core) family 21 model 48 stepping 1, cmov, cx8, fxsr, mmx, sse, sse2, sse3, ssse3, sse4.1, sse4.2, popcnt, avx, aes, clmul, mmxext, 3dnowpref, lzcnt, sse4a, tsc, tscinvbit, tscinv, bmi1

Memory: 4k page, physical 3598960k(122892k free), swap 6744688k(2368k free)

vm_info: Java HotSpot(TM) 64-Bit Server VM (25.101-b13) for windows-amd64 JRE (1.8.0_101-b13), built on Jun 22 2016 01:21:29 by "java_re" with MS VC++ 10.0 (VS2010)

time: Sun Sep 11 17:49:14 2016
elapsed time: 39 seconds (0d 0h 0m 39s)

